<?xml version="1.0" encoding="UTF-8"?>
<testng-results skipped="0" failed="0" ignored="0" total="1" passed="1">
  <reporter-output>
    <line>
      <![CDATA[test case 01]]>
    </line>
  </reporter-output>
  <suite name="Default suite" duration-ms="69" started-at="2022-03-08T18:50:53 IST" finished-at="2022-03-08T18:50:53 IST">
    <groups>
    </groups>
    <test name="Default test" duration-ms="69" started-at="2022-03-08T18:50:53 IST" finished-at="2022-03-08T18:50:53 IST">
      <class name="baseClasses.BaseClass">
        <test-method status="PASS" signature="tc01()[pri:0, instance:baseClasses.BaseClass@5bcea91b]" name="tc01" duration-ms="14" started-at="2022-03-08T18:50:53 IST" finished-at="2022-03-08T18:50:53 IST">
          <reporter-output>
            <line>
              <![CDATA[test case 01]]>
            </line>
          </reporter-output>
        </test-method> <!-- tc01 -->
      </class> <!-- baseClasses.BaseClass -->
    </test> <!-- Default test -->
  </suite> <!-- Default suite -->
</testng-results>
